Arguments: 
  C:\Program Files\nodejs\node.exe C:\Users\cherr\AppData\Roaming\npm\node_modules\yarn\bin\yarn.js

PATH: 
  C:\Users\cherr\bin;C:\Program Files\Git\mingw64\bin;C:\Program Files\Git\usr\local\bin;C:\Program Files\Git\usr\bin;C:\Program Files\Git\usr\bin;C:\Program Files\Git\mingw64\bin;C:\Program Files\Git\usr\bin;C:\Users\cherr\bin;C:\Python310\Scripts;C:\Python310;C:\WINDOWS\system32;C:\WINDOWS;C:\WINDOWS\System32\Wbem;C:\WINDOWS\System32\WindowsPowerShell\v1.0;C:\WINDOWS\System32\OpenSSH;C:\Program Files\nodejs;C:\ProgramData\chocolatey\bin;C:\Program Files\Git\cmd;C:\Program Files (x86)\NVIDIA Corporation\PhysX\Common;C:\Program Files\AutoFirma\AutoFirma;C:\Users\cherr\AppData\Local\Microsoft\WindowsApps;C:\Users\cherr\AppData\Local\Programs\Microsoft VS Code\bin;C:\Users\cherr\AppData\Roaming\npm;C:\Program Files\heroku\bin;C:\Program Files\Git\usr\bin\vendor_perl;C:\Program Files\Git\usr\bin\core_perl

Yarn version: 
  1.22.19

Node version: 
  16.14.2

Platform: 
  win32 x64

Trace: 
  SyntaxError: E:\unite\IR-2618\package.json: Unexpected token } in JSON at position 377
      at JSON.parse (<anonymous>)
      at C:\Users\cherr\AppData\Roaming\npm\node_modules\yarn\lib\cli.js:1629:59
      at Generator.next (<anonymous>)
      at step (C:\Users\cherr\AppData\Roaming\npm\node_modules\yarn\lib\cli.js:310:30)
      at C:\Users\cherr\AppData\Roaming\npm\node_modules\yarn\lib\cli.js:321:13

npm manifest: 
  {
    "private": true,
    "scripts": {
      "start": "webpack serve --env mode=development --no-open",
      "build": "webpack --mode production",
      "lint": "eslint src/**/*.ts src/**/*.tsx"
    },
    "dependencies": {
      "classnames": "^2.2.6",
      "director": "^1.2.0",
      "node-sass": "^7.0.1",
      "react": "^17.0.2",
      "react-dom": "^17.0.2",
      "sass-loader": "^13.0.2",
    },
    "devDependencies": {
      "@testing-library/cypress": "^8.0.3",
      "@types/classnames": "^2.3.1",
      "@types/react": "^17.0.39",
      "@types/react-dom": "^17.0.11",
      "@typescript-eslint/eslint-plugin": "^5.33.0",
      "@typescript-eslint/parser": "^5.33.0",
      "clean-webpack-plugin": "^4.0.0",
      "css-loader": "^6.7.1",
      "cypress": "^10.4.0",
      "eslint": "^8.21.0",
      "eslint-plugin-react": "^7.30.1",
      "html-webpack-plugin": "^5.5.0",
      "mini-css-extract-plugin": "^2.6.1",
      "style-loader": "^3.3.1",
      "ts-loader": "^9.2.6",
      "typescript": "^4.5.5",
      "webpack": "^5.69.1",
      "webpack-cli": "^4.9.2",
      "webpack-dev-server": "^4.7.4"
    }
  }

yarn manifest: 
  No manifest

Lockfile: 
  No lockfile
